This is XeTeX, Version 3.141592653-2.6-0.999993 (TeX Live 2022/dev/Debian) (preloaded format=xelatex 2023.7.27)  27 JUL 2023 01:09
entering extended mode
 \write18 enabled.
 %&-line parsing enabled.
**main.tex
(./main.tex
LaTeX2e <2021-11-15> patch level 1
L3 programming layer <2022-01-21>
(/usr/share/texlive/texmf-dist/tex/latex/base/article.cls
Document Class: article 2021/10/04 v1.4n Standard LaTeX document class
(/usr/share/texlive/texmf-dist/tex/latex/base/size10.clo
File: size10.clo 2021/10/04 v1.4n Standard LaTeX file (size option)
)
\c@part=\count181
\c@section=\count182
\c@subsection=\count183
\c@subsubsection=\count184
\c@paragraph=\count185
\c@subparagraph=\count186
\c@figure=\count187
\c@table=\count188
\abovecaptionskip=\skip47
\belowcaptionskip=\skip48
\bibindent=\dimen138
)
(/usr/share/texlive/texmf-dist/tex/latex/fontspec/fontspec.sty
(/usr/share/texlive/texmf-dist/tex/latex/l3packages/xparse/xparse.sty
(/usr/share/texlive/texmf-dist/tex/latex/l3kernel/expl3.sty
Package: expl3 2022-01-21 L3 programming layer (loader) 

(/usr/share/texlive/texmf-dist/tex/latex/l3backend/l3backend-xetex.def
File: l3backend-xetex.def 2022-01-12 L3 backend support: XeTeX

(|extractbb --version)
\c__kernel_sys_dvipdfmx_version_int=\count189
\l__color_backend_stack_int=\count190
\g__color_backend_stack_int=\count191
\g__graphics_track_int=\count192
\l__pdf_internal_box=\box50
\g__pdf_backend_object_int=\count193
\g__pdf_backend_annotation_int=\count194
\g__pdf_backend_link_int=\count195
))
Package: xparse 2022-01-12 L3 Experimental document command parser
)
Package: fontspec 2022/01/15 v2.8a Font selection for XeLaTeX and LuaLaTeX

(/usr/share/texlive/texmf-dist/tex/latex/fontspec/fontspec-xetex.sty
Package: fontspec-xetex 2022/01/15 v2.8a Font selection for XeLaTeX and LuaLaTe
X
\l__fontspec_script_int=\count196
\l__fontspec_language_int=\count197
\l__fontspec_strnum_int=\count198
\l__fontspec_tmp_int=\count199
\l__fontspec_tmpa_int=\count266
\l__fontspec_tmpb_int=\count267
\l__fontspec_tmpc_int=\count268
\l__fontspec_em_int=\count269
\l__fontspec_emdef_int=\count270
\l__fontspec_strong_int=\count271
\l__fontspec_strongdef_int=\count272
\l__fontspec_tmpa_dim=\dimen139
\l__fontspec_tmpb_dim=\dimen140
\l__fontspec_tmpc_dim=\dimen141

(/usr/share/texlive/texmf-dist/tex/latex/base/fontenc.sty
Package: fontenc 2021/04/29 v2.0v Standard LaTeX package
)
(/usr/share/texlive/texmf-dist/tex/latex/fontspec/fontspec.cfg)))
(/usr/share/texlive/texmf-dist/tex/generic/babel/babel.sty
Package: babel 2022/01/26 3.70 The Babel package
\babel@savecnt=\count273
\U@D=\dimen142
\l@unhyphenated=\language5

(/usr/share/texlive/texmf-dist/tex/generic/babel/xebabel.def
(/usr/share/texlive/texmf-dist/tex/generic/babel/txtbabel.def))
\bbl@readstream=\read2
\bbl@dirlevel=\count274

(/usr/share/texlive/texmf-dist/tex/generic/babel-french/french.ldf
Language: french 2021/07/20 v3.5m French support from the babel system
Package babel Info: Hyphen rules for 'acadian' set to \l@french
(babel)             (\language4). Reported on input line 91.
Package babel Info: Hyphen rules for 'canadien' set to \l@french
(babel)             (\language4). Reported on input line 92.
\FB@nonchar=\count275
Package french.ldf Info: No need for active punctuation characters
(french.ldf)             with this version of XeTeX!
(french.ldf)             reported on input line 332.
\FB@punctthick=\XeTeXcharclass1
\FB@punctthin=\XeTeXcharclass2
\FB@punctnul=\XeTeXcharclass3
\FB@guilo=\XeTeXcharclass4
\FB@guilf=\XeTeXcharclass5
\FB@guilnul=\XeTeXcharclass6
\FBguill@level=\count276
\FBold@everypar=\toks16
\FB@Mht=\dimen143
\mc@charclass=\count277
\mc@charfam=\count278
\mc@charslot=\count279
\std@mcc=\count280
\dec@mcc=\count281
\listindentFB=\dimen144
\descindentFB=\dimen145
\labelindentFB=\dimen146
\labelwidthFB=\dimen147
\leftmarginFB=\dimen148
\parindentFFN=\dimen149
\FBfnindent=\dimen150
))
(/usr/share/texlive/texmf-dist/tex/latex/carlisle/scalefnt.sty)
(/usr/share/texlive/texmf-dist/tex/latex/graphics/keyval.sty
Package: keyval 2014/10/28 v1.15 key=value parser (DPC)
\KV@toks@=\toks17
)
(/usr/share/texlive/texmf-dist/tex/latex/microtype/microtype.sty
Package: microtype 2021/12/10 v3.0b Micro-typographical refinements (RS)

(/usr/share/texlive/texmf-dist/tex/latex/etoolbox/etoolbox.sty
Package: etoolbox 2020/10/05 v2.5k e-TeX tools for LaTeX (JAW)
\etb@tempcnta=\count282
)
\MT@toks=\toks18
\MT@count=\count283
\MT@tempbox=\box51
LaTeX Info: Redefining \leftprotrusion on input line 1010.
LaTeX Info: Redefining \rightprotrusion on input line 1018.
LaTeX Info: Redefining \textls on input line 1173.
\MT@outer@kern=\dimen151
LaTeX Info: Redefining \textmicrotypecontext on input line 1759.
\MT@listname@count=\count284

(/usr/share/texlive/texmf-dist/tex/latex/microtype/microtype-xetex.def
File: microtype-xetex.def 2021/12/10 v3.0b Definitions specific to xetex (RS)
LaTeX Info: Redefining \lsstyle on input line 234.
)
Package microtype Info: Loading configuration file microtype.cfg.

(/usr/share/texlive/texmf-dist/tex/latex/microtype/microtype.cfg
File: microtype.cfg 2021/12/10 v3.0b microtype main configuration file (RS)
))
(/usr/share/texlive/texmf-dist/tex/latex/setspace/setspace.sty
Package: setspace 2011/12/19 v6.7a set line spacing
)
(/usr/share/texlive/texmf-dist/tex/latex/hyperref/hyperref.sty
Package: hyperref 2021-06-07 v7.00m Hypertext links for LaTeX

(/usr/share/texlive/texmf-dist/tex/generic/ltxcmds/ltxcmds.sty
Package: ltxcmds 2020-05-10 v1.25 LaTeX kernel commands for general use (HO)
)
(/usr/share/texlive/texmf-dist/tex/generic/iftex/iftex.sty
Package: iftex 2020/03/06 v1.0d TeX engine tests
)
(/usr/share/texlive/texmf-dist/tex/generic/pdftexcmds/pdftexcmds.sty
Package: pdftexcmds 2020-06-27 v0.33 Utility functions of pdfTeX for LuaTeX (HO
)

(/usr/share/texlive/texmf-dist/tex/generic/infwarerr/infwarerr.sty
Package: infwarerr 2019/12/03 v1.5 Providing info/warning/error messages (HO)
)
Package pdftexcmds Info: \pdf@primitive is available.
Package pdftexcmds Info: \pdf@ifprimitive is available.
Package pdftexcmds Info: \pdfdraftmode not found.
)
(/usr/share/texlive/texmf-dist/tex/generic/kvsetkeys/kvsetkeys.sty
Package: kvsetkeys 2019/12/15 v1.18 Key value parser (HO)
)
(/usr/share/texlive/texmf-dist/tex/generic/kvdefinekeys/kvdefinekeys.sty
Package: kvdefinekeys 2019-12-19 v1.6 Define keys (HO)
)
(/usr/share/texlive/texmf-dist/tex/generic/pdfescape/pdfescape.sty
Package: pdfescape 2019/12/09 v1.15 Implements pdfTeX's escape features (HO)
)
(/usr/share/texlive/texmf-dist/tex/latex/hycolor/hycolor.sty
Package: hycolor 2020-01-27 v1.10 Color options for hyperref/bookmark (HO)
)
(/usr/share/texlive/texmf-dist/tex/latex/letltxmacro/letltxmacro.sty
Package: letltxmacro 2019/12/03 v1.6 Let assignment for LaTeX macros (HO)
)
(/usr/share/texlive/texmf-dist/tex/latex/auxhook/auxhook.sty
Package: auxhook 2019-12-17 v1.6 Hooks for auxiliary files (HO)
)
(/usr/share/texlive/texmf-dist/tex/latex/kvoptions/kvoptions.sty
Package: kvoptions 2020-10-07 v3.14 Key value format for package options (HO)
)
\@linkdim=\dimen152
\Hy@linkcounter=\count285
\Hy@pagecounter=\count286

(/usr/share/texlive/texmf-dist/tex/latex/hyperref/pd1enc.def
File: pd1enc.def 2021-06-07 v7.00m Hyperref: PDFDocEncoding definition (HO)
)
(/usr/share/texlive/texmf-dist/tex/latex/hyperref/hyperref-langpatches.def
File: hyperref-langpatches.def 2021-06-07 v7.00m Hyperref: patches for babel la
nguages
)
(/usr/share/texlive/texmf-dist/tex/generic/intcalc/intcalc.sty
Package: intcalc 2019/12/15 v1.3 Expandable calculations with integers (HO)
)
(/usr/share/texlive/texmf-dist/tex/generic/etexcmds/etexcmds.sty
Package: etexcmds 2019/12/15 v1.7 Avoid name clashes with e-TeX commands (HO)
)
\Hy@SavedSpaceFactor=\count287

(/usr/share/texlive/texmf-dist/tex/latex/hyperref/puenc.def
File: puenc.def 2021-06-07 v7.00m Hyperref: PDF Unicode definition (HO)
)
Package hyperref Info: Hyper figures OFF on input line 4192.
Package hyperref Info: Link nesting OFF on input line 4197.
Package hyperref Info: Hyper index ON on input line 4200.
Package hyperref Info: Plain pages OFF on input line 4207.
Package hyperref Info: Backreferencing OFF on input line 4212.
Package hyperref Info: Implicit mode ON; LaTeX internals redefined.
Package hyperref Info: Bookmarks ON on input line 4445.
\c@Hy@tempcnt=\count288

(/usr/share/texlive/texmf-dist/tex/latex/url/url.sty
\Urlmuskip=\muskip16
Package: url 2013/09/16  ver 3.4  Verb mode for urls, etc.
)
LaTeX Info: Redefining \url on input line 4804.
\XeTeXLinkMargin=\dimen153

(/usr/share/texlive/texmf-dist/tex/generic/bitset/bitset.sty
Package: bitset 2019/12/09 v1.3 Handle bit-vector datatype (HO)

(/usr/share/texlive/texmf-dist/tex/generic/bigintcalc/bigintcalc.sty
Package: bigintcalc 2019/12/15 v1.5 Expandable calculations on big integers (HO
)
))
\Fld@menulength=\count289
\Field@Width=\dimen154
\Fld@charsize=\dimen155
Package hyperref Info: Hyper figures OFF on input line 6076.
Package hyperref Info: Link nesting OFF on input line 6081.
Package hyperref Info: Hyper index ON on input line 6084.
Package hyperref Info: backreferencing OFF on input line 6091.
Package hyperref Info: Link coloring OFF on input line 6096.
Package hyperref Info: Link coloring with OCG OFF on input line 6101.
Package hyperref Info: PDF/A mode OFF on input line 6106.
LaTeX Info: Redefining \ref on input line 6146.
LaTeX Info: Redefining \pageref on input line 6150.

(/usr/share/texlive/texmf-dist/tex/latex/base/atbegshi-ltx.sty
Package: atbegshi-ltx 2021/01/10 v1.0c Emulation of the original atbegshi
package with kernel methods
)
\Hy@abspage=\count290
\c@Item=\count291
\c@Hfootnote=\count292
)
Package hyperref Info: Driver (autodetected): hxetex.

(/usr/share/texlive/texmf-dist/tex/latex/hyperref/hxetex.def
File: hxetex.def 2021-06-07 v7.00m Hyperref driver for XeTeX

(/usr/share/texlive/texmf-dist/tex/generic/stringenc/stringenc.sty
Package: stringenc 2019/11/29 v1.12 Convert strings between diff. encodings (HO
)
)
\pdfm@box=\box52
\c@Hy@AnnotLevel=\count293
\HyField@AnnotCount=\count294
\Fld@listcount=\count295
\c@bookmark@seq@number=\count296

(/usr/share/texlive/texmf-dist/tex/latex/rerunfilecheck/rerunfilecheck.sty
Package: rerunfilecheck 2019/12/05 v1.9 Rerun checks for auxiliary files (HO)

(/usr/share/texlive/texmf-dist/tex/latex/base/atveryend-ltx.sty
Package: atveryend-ltx 2020/08/19 v1.0a Emulation of the original atveryend pac
kage
with kernel methods
)
(/usr/share/texlive/texmf-dist/tex/generic/uniquecounter/uniquecounter.sty
Package: uniquecounter 2019/12/15 v1.4 Provide unlimited unique counter (HO)
)
Package uniquecounter Info: New unique counter `rerunfilecheck' on input line 2
86.
)
\Hy@SectionHShift=\skip49
)
(/usr/share/texlive/texmf-dist/tex/latex/markdown/markdown.sty
(/usr/share/texlive/texmf-dist/tex/generic/xstring/xstring.sty
(/usr/share/texlive/texmf-dist/tex/generic/xstring/xstring.tex
\integerpart=\count297
\decimalpart=\count298
)
Package: xstring 2021/07/21 v1.84 String manipulations (CT)
)
(/usr/share/texlive/texmf-dist/tex/generic/markdown/markdown.tex
\markdownFrozenCacheCounter=\count299
\markdownInputFileStream=\read3
\markdownOutputFileStream=\write3
Package markdown Info: Using mode 0: Shell escape via write18 on input line 604
.
)
Package: markdown 2022/01/30 v2.13.0-0-g1f680a8 markdown renderer

(/usr/share/texlive/texmf-dist/tex/latex/base/ifthen.sty
Package: ifthen 2020/11/24 v1.1c Standard LaTeX ifthen package (DPC)
)
(/usr/share/texlive/texmf-dist/tex/latex/paralist/paralist.sty
Package: paralist 2017/01/22 v2.7 Extended list environments
\pltopsep=\skip50
\plpartopsep=\skip51
\plitemsep=\skip52
\plparsep=\skip53
\pl@lab=\toks19
)
(/usr/share/texlive/texmf-dist/tex/latex/amsmath/amsmath.sty
Package: amsmath 2021/10/15 v2.17l AMS math features
\@mathmargin=\skip54

For additional information on amsmath, use the `?' option.
(/usr/share/texlive/texmf-dist/tex/latex/amsmath/amstext.sty
Package: amstext 2021/08/26 v2.01 AMS text

(/usr/share/texlive/texmf-dist/tex/latex/amsmath/amsgen.sty
File: amsgen.sty 1999/11/30 v2.0 generic functions
\@emptytoks=\toks20
\ex@=\dimen156
))
(/usr/share/texlive/texmf-dist/tex/latex/amsmath/amsbsy.sty
Package: amsbsy 1999/11/29 v1.2d Bold Symbols
\pmbraise@=\dimen157
)
(/usr/share/texlive/texmf-dist/tex/latex/amsmath/amsopn.sty
Package: amsopn 2021/08/26 v2.02 operator names
)
\inf@bad=\count300
LaTeX Info: Redefining \frac on input line 234.
\uproot@=\count301
\leftroot@=\count302
LaTeX Info: Redefining \overline on input line 399.
\classnum@=\count303
\DOTSCASE@=\count304
LaTeX Info: Redefining \ldots on input line 496.
LaTeX Info: Redefining \dots on input line 499.
LaTeX Info: Redefining \cdots on input line 620.
\Mathstrutbox@=\box53
\strutbox@=\box54
\big@size=\dimen158
LaTeX Font Info:    Redeclaring font encoding OML on input line 743.
LaTeX Font Info:    Redeclaring font encoding OMS on input line 744.
\macc@depth=\count305
\c@MaxMatrixCols=\count306
\dotsspace@=\muskip17
\c@parentequation=\count307
\dspbrk@lvl=\count308
\tag@help=\toks21
\row@=\count309
\column@=\count310
\maxfields@=\count311
\andhelp@=\toks22
\eqnshift@=\dimen159
\alignsep@=\dimen160
\tagshift@=\dimen161
\tagwidth@=\dimen162
\totwidth@=\dimen163
\lineht@=\dimen164
\@envbody=\toks23
\multlinegap=\skip55
\multlinetaggap=\skip56
\mathdisplay@stack=\toks24
LaTeX Info: Redefining \[ on input line 2938.
LaTeX Info: Redefining \] on input line 2939.
)
(/usr/share/texlive/texmf-dist/tex/latex/amsfonts/amssymb.sty
Package: amssymb 2013/01/14 v3.01 AMS font symbols

(/usr/share/texlive/texmf-dist/tex/latex/amsfonts/amsfonts.sty
Package: amsfonts 2013/01/14 v3.01 Basic AMSFonts support
\symAMSa=\mathgroup4
\symAMSb=\mathgroup5
LaTeX Font Info:    Redeclaring math symbol \hbar on input line 98.
LaTeX Font Info:    Overwriting math alphabet `\mathfrak' in version `bold'
(Font)                  U/euf/m/n --> U/euf/b/n on input line 106.
))
(/usr/share/texlive/texmf-dist/tex/latex/csvsimple/csvsimple.sty
(/usr/share/texlive/texmf-dist/tex/latex/l3packages/l3keys2e/l3keys2e.sty
Package: l3keys2e 2022-01-12 LaTeX2e option processing using LaTeX3 keys
)
Package: csvsimple 2022/02/01 v2.3.0 LaTeX CSV file processing
)
(/usr/share/texlive/texmf-dist/tex/latex/csvsimple/csvsimple-legacy.sty
Package: csvsimple-legacy 2022/02/01 version 2.3.0 LaTeX2e CSV file processing

(/usr/share/texlive/texmf-dist/tex/latex/pgf/utilities/pgfrcs.sty
(/usr/share/texlive/texmf-dist/tex/generic/pgf/utilities/pgfutil-common.tex
\pgfutil@everybye=\toks25
\pgfutil@tempdima=\dimen165
\pgfutil@tempdimb=\dimen166

(/usr/share/texlive/texmf-dist/tex/generic/pgf/utilities/pgfutil-common-lists.t
ex)) (/usr/share/texlive/texmf-dist/tex/generic/pgf/utilities/pgfutil-latex.def
\pgfutil@abb=\box55
) (/usr/share/texlive/texmf-dist/tex/generic/pgf/utilities/pgfrcs.code.tex
(/usr/share/texlive/texmf-dist/tex/generic/pgf/pgf.revision.tex)
Package: pgfrcs 2021/05/15 v3.1.9a (3.1.9a)
))
(/usr/share/texlive/texmf-dist/tex/latex/pgf/utilities/pgfkeys.sty
(/usr/share/texlive/texmf-dist/tex/generic/pgf/utilities/pgfkeys.code.tex
\pgfkeys@pathtoks=\toks26
\pgfkeys@temptoks=\toks27

(/usr/share/texlive/texmf-dist/tex/generic/pgf/utilities/pgfkeysfiltered.code.t
ex
\pgfkeys@tmptoks=\toks28
))) (/usr/share/texlive/texmf-dist/tex/latex/tools/shellesc.sty
Package: shellesc 2019/11/08 v1.0c unified shell escape interface for LaTeX
Package shellesc Info: Unrestricted shell escape enabled on input line 75.
)
\csv@file=\read4
\c@csvinputline=\count312
\c@csvrow=\count313
\c@csvcol=\count314
\csv@out=\write4
)
(/usr/share/texlive/texmf-dist/tex/latex/fancyvrb/fancyvrb.sty
Package: fancyvrb 2021/12/21 4.1b verbatim text (tvz,hv)
\FV@CodeLineNo=\count315
\FV@InFile=\read5
\FV@TabBox=\box56
\c@FancyVerbLine=\count316
\FV@StepNumber=\count317
\FV@OutFile=\write5
)
(/usr/share/texlive/texmf-dist/tex/latex/graphics/graphicx.sty
Package: graphicx 2021/09/16 v1.2d Enhanced LaTeX Graphics (DPC,SPQR)

(/usr/share/texlive/texmf-dist/tex/latex/graphics/graphics.sty
Package: graphics 2021/03/04 v1.4d Standard LaTeX Graphics (DPC,SPQR)

(/usr/share/texlive/texmf-dist/tex/latex/graphics/trig.sty
Package: trig 2021/08/11 v1.11 sin cos tan (DPC)
)
(/usr/share/texlive/texmf-dist/tex/latex/graphics-cfg/graphics.cfg
File: graphics.cfg 2016/06/04 v1.11 sample graphics configuration
)
Package graphics Info: Driver file: xetex.def on input line 107.

(/usr/share/texlive/texmf-dist/tex/latex/graphics-def/xetex.def
File: xetex.def 2021/03/18 v5.0k Graphics/color driver for xetex
))
\Gin@req@height=\dimen167
\Gin@req@width=\dimen168
)
\markdownLaTeXCitationsCounter=\count318

(/usr/share/texlive/texmf-dist/tex/generic/gobble/gobble.sty
Package: gobble 2019/01/04 v0.2 Provides more gobble macros

(/usr/share/texlive/texmf-dist/tex/generic/gobble/gobble.tex))
\markdownLaTeXRowCounter=\count319
\markdownLaTeXRowTotal=\count320
\markdownLaTeXColumnCounter=\count321
\markdownLaTeXColumnTotal=\count322
\markdownLaTeXTable=\toks29
\markdownLaTeXTableAlignment=\toks30
\markdownLaTeXTableEnd=\toks31
)
(/usr/share/texlive/texmf-dist/tex/latex/sectsty/sectsty.sty
Package: sectsty 2002/02/25 v2.0.2 Commands to change all sectional heading sty
les


LaTeX Warning: Command \underbar  has changed.
               Check if current package is valid.


LaTeX Warning: Command \underline  has changed.
               Check if current package is valid.

) (/usr/share/texlive/texmf-dist/tex/latex/hyphenat/hyphenat.sty
Package: hyphenat 2009/09/02 v2.3c hyphenation utilities
\langwohyphens=\language6
LaTeX Info: Redefining \_ on input line 43.
)

Package fontspec Info: Font family 'Adelphe-FructidorRegular.ttf(0)' created
(fontspec)             for font 'Adelphe-FructidorRegular.ttf' with options
(fontspec)             [Ligatures=TeX,SizeFeatures={Size=12}].
(fontspec)              
(fontspec)              This font family consists of the following NFSS
(fontspec)             series/shapes:
(fontspec)              
(fontspec)             - 'normal' (m/n) with NFSS spec.:
(fontspec)             <12>"[Adelphe-FructidorRegular.ttf]/OT:script=DFLT;langu
age=dflt;mapping=tex-text;"
(fontspec)             - 'small caps'  (m/sc) with NFSS spec.: 



LaTeX Font Warning: Font shape `TU/Adelphe-FructidorRegular.ttf(0)/m/n' in size
 <10> not available
(Font)              size <12> substituted on input line 27.

(/usr/share/texlive/texmf-dist/tex/latex/geometry/geometry.sty
Package: geometry 2020/01/02 v5.9 Page Geometry

(/usr/share/texlive/texmf-dist/tex/generic/iftex/ifvtex.sty
Package: ifvtex 2019/10/25 v1.7 ifvtex legacy package. Use iftex instead.
)
\Gm@cnth=\count323
\Gm@cntv=\count324
\c@Gm@tempcnt=\count325
\Gm@bindingoffset=\dimen169
\Gm@wd@mp=\dimen170
\Gm@odd@mp=\dimen171
\Gm@even@mp=\dimen172
\Gm@layoutwidth=\dimen173
\Gm@layoutheight=\dimen174
\Gm@layouthoffset=\dimen175
\Gm@layoutvoffset=\dimen176
\Gm@dimlist=\toks32
)
No file main.aux.
\openout1 = `main.aux'.

LaTeX Font Info:    Checking defaults for OML/cmm/m/it on input line 41.
LaTeX Font Info:    ... okay on input line 41.
LaTeX Font Info:    Checking defaults for OMS/cmsy/m/n on input line 41.
LaTeX Font Info:    ... okay on input line 41.
LaTeX Font Info:    Checking defaults for OT1/cmr/m/n on input line 41.
LaTeX Font Info:    ... okay on input line 41.
LaTeX Font Info:    Checking defaults for T1/cmr/m/n on input line 41.
LaTeX Font Info:    ... okay on input line 41.
LaTeX Font Info:    Checking defaults for TS1/cmr/m/n on input line 41.
LaTeX Font Info:    Trying to load font information for TS1+cmr on input line 4
1.
(/usr/share/texlive/texmf-dist/tex/latex/base/ts1cmr.fd
File: ts1cmr.fd 2019/12/16 v2.5j Standard LaTeX font definitions
)
LaTeX Font Info:    ... okay on input line 41.
LaTeX Font Info:    Checking defaults for TU/lmr/m/n on input line 41.
LaTeX Font Info:    ... okay on input line 41.
LaTeX Font Info:    Checking defaults for OMX/cmex/m/n on input line 41.
LaTeX Font Info:    ... okay on input line 41.
LaTeX Font Info:    Checking defaults for U/cmr/m/n on input line 41.
LaTeX Font Info:    ... okay on input line 41.
LaTeX Font Info:    Checking defaults for PD1/pdf/m/n on input line 41.
LaTeX Font Info:    ... okay on input line 41.
LaTeX Font Info:    Checking defaults for PU/pdf/m/n on input line 41.
LaTeX Font Info:    ... okay on input line 41.

Package fontspec Info: Adjusting the maths setup (use [no-math] to avoid
(fontspec)             this).

\symlegacymaths=\mathgroup6
LaTeX Font Info:    Overwriting symbol font `legacymaths' in version `bold'
(Font)                  OT1/cmr/m/n --> OT1/cmr/bx/n on input line 41.
LaTeX Font Info:    Redeclaring math accent \acute on input line 41.
LaTeX Font Info:    Redeclaring math accent \grave on input line 41.
LaTeX Font Info:    Redeclaring math accent \ddot on input line 41.
LaTeX Font Info:    Redeclaring math accent \tilde on input line 41.
LaTeX Font Info:    Redeclaring math accent \bar on input line 41.
LaTeX Font Info:    Redeclaring math accent \breve on input line 41.
LaTeX Font Info:    Redeclaring math accent \check on input line 41.
LaTeX Font Info:    Redeclaring math accent \hat on input line 41.
LaTeX Font Info:    Redeclaring math accent \dot on input line 41.
LaTeX Font Info:    Redeclaring math accent \mathring on input line 41.
LaTeX Font Info:    Redeclaring math symbol \Gamma on input line 41.
LaTeX Font Info:    Redeclaring math symbol \Delta on input line 41.
LaTeX Font Info:    Redeclaring math symbol \Theta on input line 41.
LaTeX Font Info:    Redeclaring math symbol \Lambda on input line 41.
LaTeX Font Info:    Redeclaring math symbol \Xi on input line 41.
LaTeX Font Info:    Redeclaring math symbol \Pi on input line 41.
LaTeX Font Info:    Redeclaring math symbol \Sigma on input line 41.
LaTeX Font Info:    Redeclaring math symbol \Upsilon on input line 41.
LaTeX Font Info:    Redeclaring math symbol \Phi on input line 41.
LaTeX Font Info:    Redeclaring math symbol \Psi on input line 41.
LaTeX Font Info:    Redeclaring math symbol \Omega on input line 41.
LaTeX Font Info:    Redeclaring math symbol \mathdollar on input line 41.
LaTeX Font Info:    Redeclaring symbol font `operators' on input line 41.
LaTeX Font Info:    Encoding `OT1' has changed to `TU' for symbol font
(Font)              `operators' in the math version `normal' on input line 41.
LaTeX Font Info:    Overwriting symbol font `operators' in version `normal'
(Font)                  OT1/cmr/m/n --> TU/Adelphe-FructidorRegular.ttf(0)/m/n 
on input line 41.
LaTeX Font Info:    Encoding `OT1' has changed to `TU' for symbol font
(Font)              `operators' in the math version `bold' on input line 41.
LaTeX Font Info:    Overwriting symbol font `operators' in version `bold'
(Font)                  OT1/cmr/bx/n --> TU/Adelphe-FructidorRegular.ttf(0)/m/n
 on input line 41.
LaTeX Font Info:    Overwriting symbol font `operators' in version `normal'
(Font)                  TU/Adelphe-FructidorRegular.ttf(0)/m/n --> TU/Adelphe-F
ructidorRegular.ttf(0)/m/n on input line 41.
LaTeX Font Info:    Overwriting math alphabet `\mathit' in version `normal'
(Font)                  OT1/cmr/m/it --> TU/Adelphe-FructidorRegular.ttf(0)/m/i
t on input line 41.
LaTeX Font Info:    Overwriting math alphabet `\mathbf' in version `normal'
(Font)                  OT1/cmr/bx/n --> TU/Adelphe-FructidorRegular.ttf(0)/b/n
 on input line 41.
LaTeX Font Info:    Overwriting math alphabet `\mathsf' in version `normal'
(Font)                  OT1/cmss/m/n --> TU/lmss/m/n on input line 41.
LaTeX Font Info:    Overwriting math alphabet `\mathtt' in version `normal'
(Font)                  OT1/cmtt/m/n --> TU/lmtt/m/n on input line 41.
LaTeX Font Info:    Overwriting symbol font `operators' in version `bold'
(Font)                  TU/Adelphe-FructidorRegular.ttf(0)/m/n --> TU/Adelphe-F
ructidorRegular.ttf(0)/b/n on input line 41.
LaTeX Font Info:    Overwriting math alphabet `\mathit' in version `bold'
(Font)                  OT1/cmr/bx/it --> TU/Adelphe-FructidorRegular.ttf(0)/b/
it on input line 41.
LaTeX Font Info:    Overwriting math alphabet `\mathsf' in version `bold'
(Font)                  OT1/cmss/bx/n --> TU/lmss/b/n on input line 41.
LaTeX Font Info:    Overwriting math alphabet `\mathtt' in version `bold'
(Font)                  OT1/cmtt/m/n --> TU/lmtt/b/n on input line 41.
Package french.ldf Info: Setting StandardItemizeEnv=true for
(french.ldf)             compatibility with paralist package,
(french.ldf)             reported on input line 41.
Package french.ldf Info: Setting StandardEnumerateEnv=true for
(french.ldf)             compatibility with paralist package,
(french.ldf)             reported on input line 41.
LaTeX Info: Redefining \up on input line 41.
LaTeX Info: Redefining \microtypecontext on input line 41.
Package microtype Info: Applying patch `item' on input line 41.
Package microtype Info: Applying patch `toc' on input line 41.
Package microtype Info: Applying patch `eqnum' on input line 41.
Package microtype Info: Applying patch `footnote' on input line 41.
Package microtype Info: Character protrusion enabled (level 2).
Package microtype Info: Using default protrusion set `alltext'.
Package microtype Info: No adjustment of tracking.
Package microtype Info: No adjustment of spacing.
Package microtype Info: No adjustment of kerning.
Package microtype Info: Loading generic protrusion settings for font family
(microtype)             `Adelphe-FructidorRegular.ttf' (encoding: TU).
(microtype)             For optimal results, create family-specific settings.
(microtype)             See the microtype manual for details.
Package microtype Info: Unknown slot number of character
(microtype)             `\r A'
(microtype)             in font encoding `TU' in inheritance list
(microtype)             `microtype.cfg/407(protrusion)'.
Package microtype Info: Unknown slot number of character
(microtype)             `\k A'
(microtype)             in font encoding `TU' in inheritance list
(microtype)             `microtype.cfg/407(protrusion)'.
Package microtype Info: Unknown slot number of character
(microtype)             `\u A'
(microtype)             in font encoding `TU' in inheritance list
(microtype)             `microtype.cfg/407(protrusion)'.
Package microtype Info: Unknown slot number of character
(microtype)             `\r a'
(microtype)             in font encoding `TU' in inheritance list
(microtype)             `microtype.cfg/407(protrusion)'.
Package microtype Info: Unknown slot number of character
(microtype)             `\k a'
(microtype)             in font encoding `TU' in inheritance list
(microtype)             `microtype.cfg/407(protrusion)'.
Package microtype Info: Unknown slot number of character
(microtype)             `\u a'
(microtype)             in font encoding `TU' in inheritance list
(microtype)             `microtype.cfg/407(protrusion)'.
Package microtype Info: Unknown slot number of character
(microtype)             `\'C'
(microtype)             in font encoding `TU' in inheritance list
(microtype)             `microtype.cfg/407(protrusion)'.
Package microtype Info: Unknown slot number of character
(microtype)             `\v C'
(microtype)             in font encoding `TU' in inheritance list
(microtype)             `microtype.cfg/407(protrusion)'.
Package microtype Info: Unknown slot number of character
(microtype)             `\'c'
(microtype)             in font encoding `TU' in inheritance list
(microtype)             `microtype.cfg/407(protrusion)'.
Package microtype Info: Unknown slot number of character
(microtype)             `\v c'
(microtype)             in font encoding `TU' in inheritance list
(microtype)             `microtype.cfg/407(protrusion)'.
Package microtype Info: Unknown slot number of character
(microtype)             `\v D'
(microtype)             in font encoding `TU' in inheritance list
(microtype)             `microtype.cfg/407(protrusion)'.
Package microtype Info: Character `\DH ' is missing
(microtype)             in font `\TU/Adelphe-FructidorRegular.ttf(0)/m/n/10'.
(microtype)             Ignoring protrusion settings for this character.
Package microtype Info: Unknown slot number of character
(microtype)             `\v d'
(microtype)             in font encoding `TU' in inheritance list
(microtype)             `microtype.cfg/407(protrusion)'.
Package microtype Info: Character `\dj ' is missing
(microtype)             in font `\TU/Adelphe-FructidorRegular.ttf(0)/m/n/10'.
(microtype)             Ignoring protrusion settings for this character.
Package microtype Info: Unknown slot number of character
(microtype)             `\k E'
(microtype)             in font encoding `TU' in inheritance list
(microtype)             `microtype.cfg/407(protrusion)'.
Package microtype Info: Unknown slot number of character
(microtype)             `\v E'
(microtype)             in font encoding `TU' in inheritance list
(microtype)             `microtype.cfg/407(protrusion)'.
Package microtype Info: Unknown slot number of character
(microtype)             `\k e'
(microtype)             in font encoding `TU' in inheritance list
(microtype)             `microtype.cfg/407(protrusion)'.
Package microtype Info: Unknown slot number of character
(microtype)             `\v e'
(microtype)             in font encoding `TU' in inheritance list
(microtype)             `microtype.cfg/407(protrusion)'.
Package microtype Info: Unknown slot number of character
(microtype)             `\u G'
(microtype)             in font encoding `TU' in inheritance list
(microtype)             `microtype.cfg/407(protrusion)'.
Package microtype Info: Unknown slot number of character
(microtype)             `\u g'
(microtype)             in font encoding `TU' in inheritance list
(microtype)             `microtype.cfg/407(protrusion)'.
Package microtype Info: Unknown slot number of character
(microtype)             `\.I'
(microtype)             in font encoding `TU' in inheritance list
(microtype)             `microtype.cfg/407(protrusion)'.
Package microtype Info: Character `\L ' is missing
(microtype)             in font `\TU/Adelphe-FructidorRegular.ttf(0)/m/n/10'.
(microtype)             Ignoring protrusion settings for this character.
Package microtype Info: Unknown slot number of character
(microtype)             `\'L'
(microtype)             in font encoding `TU' in inheritance list
(microtype)             `microtype.cfg/407(protrusion)'.
Package microtype Info: Unknown slot number of character
(microtype)             `\v L'
(microtype)             in font encoding `TU' in inheritance list
(microtype)             `microtype.cfg/407(protrusion)'.
Package microtype Info: Character `\l ' is missing
(microtype)             in font `\TU/Adelphe-FructidorRegular.ttf(0)/m/n/10'.
(microtype)             Ignoring protrusion settings for this character.
Package microtype Info: Unknown slot number of character
(microtype)             `\'l'
(microtype)             in font encoding `TU' in inheritance list
(microtype)             `microtype.cfg/407(protrusion)'.
Package microtype Info: Unknown slot number of character
(microtype)             `\v l'
(microtype)             in font encoding `TU' in inheritance list
(microtype)             `microtype.cfg/407(protrusion)'.
Package microtype Info: Unknown slot number of character
(microtype)             `\'N'
(microtype)             in font encoding `TU' in inheritance list
(microtype)             `microtype.cfg/407(protrusion)'.
Package microtype Info: Unknown slot number of character
(microtype)             `\v N'
(microtype)             in font encoding `TU' in inheritance list
(microtype)             `microtype.cfg/407(protrusion)'.
Package microtype Info: Unknown slot number of character
(microtype)             `\'n'
(microtype)             in font encoding `TU' in inheritance list
(microtype)             `microtype.cfg/407(protrusion)'.
Package microtype Info: Unknown slot number of character
(microtype)             `\v n'
(microtype)             in font encoding `TU' in inheritance list
(microtype)             `microtype.cfg/407(protrusion)'.
Package microtype Info: Character `\O ' is missing
(microtype)             in font `\TU/Adelphe-FructidorRegular.ttf(0)/m/n/10'.
(microtype)             Ignoring protrusion settings for this character.
Package microtype Info: Unknown slot number of character
(microtype)             `\H O'
(microtype)             in font encoding `TU' in inheritance list
(microtype)             `microtype.cfg/407(protrusion)'.
Package microtype Info: Character `\o ' is missing
(microtype)             in font `\TU/Adelphe-FructidorRegular.ttf(0)/m/n/10'.
(microtype)             Ignoring protrusion settings for this character.
Package microtype Info: Unknown slot number of character
(microtype)             `\H o'
(microtype)             in font encoding `TU' in inheritance list
(microtype)             `microtype.cfg/407(protrusion)'.
Package microtype Info: Unknown slot number of character
(microtype)             `\'R'
(microtype)             in font encoding `TU' in inheritance list
(microtype)             `microtype.cfg/407(protrusion)'.
Package microtype Info: Unknown slot number of character
(microtype)             `\v R'
(microtype)             in font encoding `TU' in inheritance list
(microtype)             `microtype.cfg/407(protrusion)'.
Package microtype Info: Unknown slot number of character
(microtype)             `\'r'
(microtype)             in font encoding `TU' in inheritance list
(microtype)             `microtype.cfg/407(protrusion)'.
Package microtype Info: Unknown slot number of character
(microtype)             `\v r'
(microtype)             in font encoding `TU' in inheritance list
(microtype)             `microtype.cfg/407(protrusion)'.
Package microtype Info: Unknown slot number of character
(microtype)             `\'S'
(microtype)             in font encoding `TU' in inheritance list
(microtype)             `microtype.cfg/407(protrusion)'.
Package microtype Info: Unknown slot number of character
(microtype)             `\c S'
(microtype)             in font encoding `TU' in inheritance list
(microtype)             `microtype.cfg/407(protrusion)'.
Package microtype Info: Unknown slot number of character
(microtype)             `\v S'
(microtype)             in font encoding `TU' in inheritance list
(microtype)             `microtype.cfg/407(protrusion)'.
Package microtype Info: Unknown slot number of character
(microtype)             `\'s'
(microtype)             in font encoding `TU' in inheritance list
(microtype)             `microtype.cfg/407(protrusion)'.
Package microtype Info: Unknown slot number of character
(microtype)             `\c s'
(microtype)             in font encoding `TU' in inheritance list
(microtype)             `microtype.cfg/407(protrusion)'.
Package microtype Info: Unknown slot number of character
(microtype)             `\v s'
(microtype)             in font encoding `TU' in inheritance list
(microtype)             `microtype.cfg/407(protrusion)'.
Package microtype Info: Unknown slot number of character
(microtype)             `\c T'
(microtype)             in font encoding `TU' in inheritance list
(microtype)             `microtype.cfg/407(protrusion)'.
Package microtype Info: Unknown slot number of character
(microtype)             `\v T'
(microtype)             in font encoding `TU' in inheritance list
(microtype)             `microtype.cfg/407(protrusion)'.
Package microtype Info: Unknown slot number of character
(microtype)             `\c t'
(microtype)             in font encoding `TU' in inheritance list
(microtype)             `microtype.cfg/407(protrusion)'.
Package microtype Info: Unknown slot number of character
(microtype)             `\v t'
(microtype)             in font encoding `TU' in inheritance list
(microtype)             `microtype.cfg/407(protrusion)'.
Package microtype Info: Unknown slot number of character
(microtype)             `\H U'
(microtype)             in font encoding `TU' in inheritance list
(microtype)             `microtype.cfg/407(protrusion)'.
Package microtype Info: Unknown slot number of character
(microtype)             `\r U'
(microtype)             in font encoding `TU' in inheritance list
(microtype)             `microtype.cfg/407(protrusion)'.
Package microtype Info: Unknown slot number of character
(microtype)             `\H u'
(microtype)             in font encoding `TU' in inheritance list
(microtype)             `microtype.cfg/407(protrusion)'.
Package microtype Info: Unknown slot number of character
(microtype)             `\r u'
(microtype)             in font encoding `TU' in inheritance list
(microtype)             `microtype.cfg/407(protrusion)'.
Package microtype Info: Unknown slot number of character
(microtype)             `\'Z'
(microtype)             in font encoding `TU' in inheritance list
(microtype)             `microtype.cfg/407(protrusion)'.
Package microtype Info: Unknown slot number of character
(microtype)             `\.Z'
(microtype)             in font encoding `TU' in inheritance list
(microtype)             `microtype.cfg/407(protrusion)'.
Package microtype Info: Unknown slot number of character
(microtype)             `\v Z'
(microtype)             in font encoding `TU' in inheritance list
(microtype)             `microtype.cfg/407(protrusion)'.
Package microtype Info: Unknown slot number of character
(microtype)             `\'z'
(microtype)             in font encoding `TU' in inheritance list
(microtype)             `microtype.cfg/407(protrusion)'.
Package microtype Info: Unknown slot number of character
(microtype)             `\.z'
(microtype)             in font encoding `TU' in inheritance list
(microtype)             `microtype.cfg/407(protrusion)'.
Package microtype Info: Unknown slot number of character
(microtype)             `\v z'
(microtype)             in font encoding `TU' in inheritance list
(microtype)             `microtype.cfg/407(protrusion)'.
Package hyperref Info: Link coloring OFF on input line 41.

(/usr/share/texlive/texmf-dist/tex/latex/hyperref/nameref.sty
Package: nameref 2021-04-02 v2.47 Cross-referencing by name of section

(/usr/share/texlive/texmf-dist/tex/latex/refcount/refcount.sty
Package: refcount 2019/12/15 v3.6 Data extraction from label references (HO)
)
(/usr/share/texlive/texmf-dist/tex/generic/gettitlestring/gettitlestring.sty
Package: gettitlestring 2019/12/15 v1.6 Cleanup title references (HO)
)
\c@section@level=\count326
)
LaTeX Info: Redefining \ref on input line 41.
LaTeX Info: Redefining \pageref on input line 41.
LaTeX Info: Redefining \nameref on input line 41.
\@outlinefile=\write6
\openout6 = `main.out'.



Package hyperref Warning: Rerun to get /PageLabels entry.

*geometry* driver: auto-detecting
*geometry* detected driver: xetex
*geometry* verbose mode - [ preamble ] result:
* driver: xetex
* paper: custom
* layout: <same size as paper>
* layoutoffset:(h,v)=(0.0pt,0.0pt)
* modes: 
* h-part:(L,W,R)=(14.22636pt, 278.69476pt, 14.22636pt)
* v-part:(T,H,B)=(28.45274pt, 671.11987pt, 95.39737pt)
* \paperwidth=307.14749pt
* \paperheight=794.96999pt
* \textwidth=278.69476pt
* \textheight=671.11987pt
* \oddsidemargin=-58.04362pt
* \evensidemargin=-58.04362pt
* \topmargin=-80.81725pt
* \headheight=12.0pt
* \headsep=25.0pt
* \topskip=10.0pt
* \footskip=30.0pt
* \marginparwidth=65.0pt
* \marginparsep=11.0pt
* \columnsep=10.0pt
* \skip\footins=9.0pt plus 4.0pt minus 2.0pt
* \hoffset=0.0pt
* \voffset=0.0pt
* \mag=1000
* \@twocolumnfalse
* \@twosidefalse
* \@mparswitchfalse
* \@reversemarginfalse
* (1in=72.27pt=25.4mm, 1cm=28.453pt)

Package markdown Info: Including markdown document "in.md" on input line 51.
\openout3 = `main.markdown.lua'.

Package markdown Info: Writing a helper Lua script to the file "main.markdown.l
ua" on input line 51.
Package markdown Info: Executing a helper Lua script from the file "main.markdo
wn.lua" and storing the result in the file "main.markdown.out" on input line 51
.
runsystem(texlua "./main.markdown.lua" > "./main.markdown.out")...executed.

(./main.markdown.out) [1

] (out/main.aux)

LaTeX Font Warning: Size substitutions with differences
(Font)              up to 2.0pt have occurred.


Package rerunfilecheck Warning: File `main.out' has changed.
(rerunfilecheck)                Rerun to get outlines right
(rerunfilecheck)                or use package `bookmark'.

Package rerunfilecheck Info: Checksums for `main.out':
(rerunfilecheck)             Before: <no file>
(rerunfilecheck)             After:  D41D8CD98F00B204E9800998ECF8427E;0.
 ) 
Here is how much of TeX's memory you used:
 18225 strings out of 478163
 361787 string characters out of 5853706
 729520 words of memory out of 5000000
 38604 multiletter control sequences out of 15000+600000
 469667 words of font info for 35 fonts, out of 8000000 for 9000
 16 hyphenation exceptions out of 8191
 82i,5n,80p,1001b,348s stack positions out of 5000i,500n,10000p,200000b,80000s

Output written on out/main.pdf (1 page).
